0 verbose cli C:\Program Files\nodejs\node.exe C:\Users\Aman Singh\AppData\Roaming\npm\node_modules\npm\bin\npm-cli.js
1 info using npm@8.18.0
2 info using node@v16.14.2
3 timing npm:load:whichnode Completed in 2ms
4 timing config:load:defaults Completed in 10ms
5 timing config:load:file:C:\Users\Aman Singh\AppData\Roaming\npm\node_modules\npm\npmrc Completed in 26ms
6 timing config:load:builtin Completed in 27ms
7 timing config:load:cli Completed in 6ms
8 timing config:load:env Completed in 2ms
9 timing config:load:file:A:\node\.npmrc Completed in 1ms
10 timing config:load:project Completed in 5ms
11 timing config:load:file:C:\Users\Aman Singh\.npmrc Completed in 2ms
12 timing config:load:user Completed in 2ms
13 timing config:load:file:C:\Users\Aman Singh\AppData\Roaming\npm\etc\npmrc Completed in 0ms
14 timing config:load:global Completed in 0ms
15 timing config:load:validate Completed in 2ms
16 timing config:load:credentials Completed in 3ms
17 timing config:load:setEnvs Completed in 4ms
18 timing config:load Completed in 65ms
19 timing npm:load:configload Completed in 66ms
20 timing npm:load:mkdirpcache Completed in 2ms
21 timing npm:load:mkdirplogs Completed in 1ms
22 verbose title npm exec kill-port 3000
23 verbose argv "exec" "--" "kill-port" "3000"
24 timing npm:load:setTitle Completed in 6ms
25 timing config:load:flatten Completed in 15ms
26 timing npm:load:display Completed in 30ms
27 verbose logfile logs-max:10 dir:A:\node\_logs
28 verbose logfile A:\node\_logs\2022-09-27T17_56_17_763Z-debug-0.log
29 timing npm:load:logFile Completed in 78ms
30 timing npm:load:timers Completed in 0ms
31 timing npm:load:configScope Completed in 0ms
32 timing npm:load Completed in 188ms
33 silly logfile start cleaning logs, removing 2 files
34 timing arborist:ctor Completed in 3ms
35 silly logfile done cleaning log files
36 timing arborist:ctor Completed in 1ms
