0 verbose cli C:\Program Files\nodejs\node.exe C:\Users\Aman Singh\AppData\Roaming\npm\node_modules\npm\bin\npm-cli.js
1 info using npm@8.18.0
2 info using node@v16.14.2
3 timing npm:load:whichnode Completed in 2ms
4 timing config:load:defaults Completed in 7ms
5 timing config:load:file:C:\Users\Aman Singh\AppData\Roaming\npm\node_modules\npm\npmrc Completed in 7ms
6 timing config:load:builtin Completed in 8ms
7 timing config:load:cli Completed in 6ms
8 timing config:load:env Completed in 2ms
9 timing config:load:file:A:\node\.npmrc Completed in 0ms
10 timing config:load:project Completed in 6ms
11 timing config:load:file:C:\Users\Aman Singh\.npmrc Completed in 2ms
12 timing config:load:user Completed in 2ms
13 timing config:load:file:C:\Users\Aman Singh\AppData\Roaming\npm\etc\npmrc Completed in 0ms
14 timing config:load:global Completed in 1ms
15 timing config:load:validate Completed in 2ms
16 timing config:load:credentials Completed in 4ms
17 timing config:load:setEnvs Completed in 4ms
18 timing config:load Completed in 45ms
19 timing npm:load:configload Completed in 46ms
20 timing npm:load:mkdirpcache Completed in 3ms
21 timing npm:load:mkdirplogs Completed in 1ms
22 verbose title npm install jquery
23 verbose argv "install" "jquery"
24 timing npm:load:setTitle Completed in 8ms
25 timing config:load:flatten Completed in 42ms
26 timing npm:load:display Completed in 50ms
27 verbose logfile logs-max:10 dir:A:\node\_logs
28 verbose logfile A:\node\_logs\2022-09-22T15_23_05_489Z-debug-0.log
29 timing npm:load:logFile Completed in 24ms
30 timing npm:load:timers Completed in 0ms
31 timing npm:load:configScope Completed in 1ms
32 timing npm:load Completed in 137ms
33 timing arborist:ctor Completed in 3ms
34 silly logfile start cleaning logs, removing 2 files
35 silly logfile done cleaning log files
36 timing idealTree:init Completed in 731ms
37 timing idealTree:userRequests Completed in 7ms
38 silly idealTree buildDeps
39 silly fetch manifest jquery@*
40 timing arborist:ctor Completed in 0ms
41 http fetch GET 200 https://registry.npmjs.org/jquery 1748ms (cache miss)
42 silly placeDep ROOT jquery@3.6.1 OK for: node@1.0.0 want: *
43 timing idealTree:#root Completed in 1778ms
44 timing idealTree:node_modules/jquery Completed in 1ms
45 timing idealTree:buildDeps Completed in 1784ms
46 timing idealTree:fixDepFlags Completed in 8ms
47 timing idealTree Completed in 2548ms
48 timing reify:loadTrees Completed in 2561ms
49 timing reify:diffTrees Completed in 75ms
50 silly reify moves {}
51 timing reify:retireShallow Completed in 5ms
52 timing reify:createSparse Completed in 17ms
53 timing reify:loadBundles Completed in 0ms
54 silly audit bulk request {
54 silly audit   '@types/node': [ '17.0.36' ],
54 silly audit   '@types/yauzl': [ '2.10.0' ],
54 silly audit   accepts: [ '1.3.8' ],
54 silly audit   'agent-base': [ '6.0.2' ],
54 silly audit   'array-flatten': [ '1.1.1' ],
54 silly audit   'balanced-match': [ '1.0.2' ],
54 silly audit   'base64-js': [ '1.5.1' ],
54 silly audit   bl: [ '4.1.0' ],
54 silly audit   'body-parser': [ '1.20.0' ],
54 silly audit   debug: [ '2.6.9', '4.3.4' ],
54 silly audit   ms: [ '2.0.0', '2.1.2', '2.1.3' ],
54 silly audit   boolbase: [ '1.0.0' ],
54 silly audit   'brace-expansion': [ '1.1.11' ],
54 silly audit   buffer: [ '5.7.1' ],
54 silly audit   'buffer-crc32': [ '0.2.13' ],
54 silly audit   bytes: [ '3.1.2' ],
54 silly audit   'call-bind': [ '1.0.2' ],
54 silly audit   cheerio: [ '1.0.0-rc.10' ],
54 silly audit   'cheerio-select': [ '1.5.0' ],
54 silly audit   chownr: [ '1.1.4' ],
54 silly audit   'concat-map': [ '0.0.1' ],
54 silly audit   'content-disposition': [ '0.5.4' ],
54 silly audit   'content-type': [ '1.0.4' ],
54 silly audit   cookie: [ '0.5.0' ],
54 silly audit   'cookie-signature': [ '1.0.6' ],
54 silly audit   'cross-fetch': [ '3.1.5' ],
54 silly audit   'node-fetch': [ '2.6.7', '3.2.3' ],
54 silly audit   'css-select': [ '4.2.1' ],
54 silly audit   'css-what': [ '5.1.0' ],
54 silly audit   'data-uri-to-buffer': [ '4.0.0' ],
54 silly audit   depd: [ '2.0.0' ],
54 silly audit   destroy: [ '1.2.0' ],
54 silly audit   'devtools-protocol': [ '0.0.1001819' ],
54 silly audit   'dom-serializer': [ '1.3.2' ],
54 silly audit   domelementtype: [ '2.2.0' ],
54 silly audit   domhandler: [ '4.3.0' ],
54 silly audit   domutils: [ '2.8.0' ],
54 silly audit   'ee-first': [ '1.1.1' ],
54 silly audit   encodeurl: [ '1.0.2' ],
54 silly audit   'end-of-stream': [ '1.4.4' ],
54 silly audit   entities: [ '2.2.0' ],
54 silly audit   'escape-html': [ '1.0.3' ],
54 silly audit   etag: [ '1.8.1' ],
54 silly audit   express: [ '4.18.1' ],
54 silly audit   'extract-zip': [ '2.0.1' ],
54 silly audit   'fd-slicer': [ '1.1.0' ],
54 silly audit   'fetch-blob': [ '3.1.5' ],
54 silly audit   finalhandler: [ '1.2.0' ],
54 silly audit   'find-up': [ '4.1.0' ],
54 silly audit   'formdata-polyfill': [ '4.0.10' ],
54 silly audit   forwarded: [ '0.2.0' ],
54 silly audit   fresh: [ '0.5.2' ],
54 silly audit   'fs-constants': [ '1.0.0' ],
54 silly audit   'fs.realpath': [ '1.0.0' ],
54 silly audit   'function-bind': [ '1.1.1' ],
54 silly audit   'get-intrinsic': [ '1.1.2' ],
54 silly audit   'get-stream': [ '5.2.0' ],
54 silly audit   glob: [ '7.2.3' ],
54 silly audit   has: [ '1.0.3' ],
54 silly audit   'has-symbols': [ '1.0.3' ],
54 silly audit   htmlparser2: [ '6.1.0' ],
54 silly audit   'http-errors': [ '2.0.0' ],
54 silly audit   'https-proxy-agent': [ '5.0.1' ],
54 silly audit   'iconv-lite': [ '0.4.24' ],
54 silly audit   ieee754: [ '1.2.1' ],
54 silly audit   inflight: [ '1.0.6' ],
54 silly audit   inherits: [ '2.0.4' ],
54 silly audit   'ipaddr.js': [ '1.9.1' ],
54 silly audit   'locate-path': [ '5.0.0' ],
54 silly audit   'media-typer': [ '0.3.0' ],
54 silly audit   'merge-descriptors': [ '1.0.1' ],
54 silly audit   methods: [ '1.1.2' ],
54 silly audit   mime: [ '1.6.0' ],
54 silly audit   'mime-db': [ '1.52.0' ],
54 silly audit   'mime-types': [ '2.1.35' ],
54 silly audit   minimatch: [ '3.1.2' ],
54 silly audit   'mkdirp-classic': [ '0.5.3' ],
54 silly audit   negotiator: [ '0.6.3' ],
54 silly audit   'node-domexception': [ '1.0.0' ],
54 silly audit   'nth-check': [ '2.0.1' ],
54 silly audit   'object-inspect': [ '1.12.2' ],
54 silly audit   'on-finished': [ '2.4.1' ],
54 silly audit   once: [ '1.4.0' ],
54 silly audit   'p-limit': [ '2.3.0' ],
54 silly audit   'p-locate': [ '4.1.0' ],
54 silly audit   'p-try': [ '2.2.0' ],
54 silly audit   parse5: [ '6.0.1' ],
54 silly audit   'parse5-htmlparser2-tree-adapter': [ '6.0.1' ],
54 silly audit   parseurl: [ '1.3.3' ],
54 silly audit   'path-exists': [ '4.0.0' ],
54 silly audit   'path-is-absolute': [ '1.0.1' ],
54 silly audit   'path-to-regexp': [ '0.1.7' ],
54 silly audit   pend: [ '1.2.0' ],
54 silly audit   'pkg-dir': [ '4.2.0' ],
54 silly audit   progress: [ '2.0.3' ],
54 silly audit   'proxy-addr': [ '2.0.7' ],
54 silly audit   'proxy-from-env': [ '1.1.0' ],
54 silly audit   pump: [ '3.0.0' ],
54 silly audit   puppeteer: [ '14.4.1' ],
54 silly audit   qs: [ '6.10.3' ],
54 silly audit   'range-parser': [ '1.2.1' ],
54 silly audit   'raw-body': [ '2.5.1' ],
54 silly audit   'readable-stream': [ '3.6.0' ],
54 silly audit   rimraf: [ '3.0.2' ],
54 silly audit   'safe-buffer': [ '5.2.1' ],
54 silly audit   'safer-buffer': [ '2.1.2' ],
54 silly audit   send: [ '0.18.0' ],
54 silly audit   'serve-static': [ '1.15.0' ],
54 silly audit   setprototypeof: [ '1.2.0' ],
54 silly audit   'side-channel': [ '1.0.4' ],
54 silly audit   statuses: [ '2.0.1' ],
54 silly audit   string_decoder: [ '1.3.0' ],
54 silly audit   'tar-fs': [ '2.1.1' ],
54 silly audit   'tar-stream': [ '2.2.0' ],
54 silly audit   through: [ '2.3.8' ],
54 silly audit   toidentifier: [ '1.0.1' ],
54 silly audit   tr46: [ '0.0.3' ],
54 silly audit   tslib: [ '2.3.1' ],
54 silly audit   'type-is': [ '1.6.18' ],
54 silly audit   'unbzip2-stream': [ '1.4.3' ],
54 silly audit   unpipe: [ '1.0.0' ],
54 silly audit   'util-deprecate': [ '1.0.2' ],
54 silly audit   'utils-merge': [ '1.0.1' ],
54 silly audit   vary: [ '1.1.2' ],
54 silly audit   'web-streams-polyfill': [ '3.2.0' ],
54 silly audit   'webidl-conversions': [ '3.0.1' ],
54 silly audit   'whatwg-url': [ '5.0.0' ],
54 silly audit   wrappy: [ '1.0.2' ],
54 silly audit   ws: [ '8.7.0' ],
54 silly audit   yauzl: [ '2.10.0' ],
54 silly audit   jquery: [ '3.6.1' ]
54 silly audit }
55 silly tarball no local data for jquery@https://registry.npmjs.org/jquery/-/jquery-3.6.1.tgz. Extracting by manifest.
56 http fetch POST 200 https://registry.npmjs.org/-/npm/v1/security/advisories/bulk 577ms
57 timing auditReport:getReport Completed in 606ms
58 silly audit report {
58 silly audit report   'node-fetch': [
58 silly audit report     {
58 silly audit report       id: 1081928,
58 silly audit report       url: 'https://github.com/advisories/GHSA-vp56-6g26-6827',
58 silly audit report       title: 'node-fetch Inefficient Regular Expression Complexity ',
58 silly audit report       severity: 'moderate',
58 silly audit report       vulnerable_versions: '>=3.0.0 <3.2.10',
58 silly audit report       cwe: [Array],
58 silly audit report       cvss: [Object]
58 silly audit report     }
58 silly audit report   ]
58 silly audit report }
59 timing metavuln:cache:get:security-advisory:node-fetch:F4z8Yftbe/ybFyQ2cGB2zVmi7dBVVxUuCCeN8Wv3pp0buow51KaN3vImkN09qjNtmW6Jp17qN0Sk3JrF60AN4Q== Completed in 28ms
60 http fetch GET 200 https://registry.npmjs.org/node-fetch 567ms (cache revalidated)
61 timing metavuln:packument:node-fetch Completed in 575ms
62 timing metavuln:load:security-advisory:node-fetch:1081928 Completed in 7ms
63 timing metavuln:calculate:security-advisory:node-fetch:1081928 Completed in 584ms
64 timing auditReport:init Completed in 594ms
65 timing reify:audit Completed in 1217ms
66 http fetch GET 200 https://registry.npmjs.org/jquery/-/jquery-3.6.1.tgz 7396ms (cache miss)
67 timing reifyNode:node_modules/jquery Completed in 7451ms
68 timing reify:unpack Completed in 7451ms
69 timing reify:unretire Completed in 0ms
70 timing build:queue Completed in 8ms
71 timing build:deps Completed in 10ms
72 timing build Completed in 11ms
73 timing reify:build Completed in 13ms
74 timing reify:trash Completed in 0ms
75 timing reify:save Completed in 294ms
76 timing reify Completed in 10832ms
77 silly ADD node_modules/jquery
78 timing command:install Completed in 11361ms
79 verbose exit 0
80 timing npm Completed in 12234ms
81 info ok
