0 verbose cli C:\Program Files\nodejs\node.exe C:\Users\Aman Singh\AppData\Roaming\npm\node_modules\npm\bin\npm-cli.js
1 info using npm@8.18.0
2 info using node@v16.14.2
3 timing npm:load:whichnode Completed in 3ms
4 timing config:load:defaults Completed in 7ms
5 timing config:load:file:C:\Users\Aman Singh\AppData\Roaming\npm\node_modules\npm\npmrc Completed in 12ms
6 timing config:load:builtin Completed in 14ms
7 timing config:load:cli Completed in 6ms
8 timing config:load:env Completed in 3ms
9 timing config:load:file:A:\node\.npmrc Completed in 1ms
10 timing config:load:project Completed in 19ms
11 timing config:load:file:C:\Users\Aman Singh\.npmrc Completed in 2ms
12 timing config:load:user Completed in 3ms
13 timing config:load:file:C:\Users\Aman Singh\AppData\Roaming\npm\etc\npmrc Completed in 42ms
14 timing config:load:global Completed in 43ms
15 timing config:load:validate Completed in 3ms
16 timing config:load:credentials Completed in 3ms
17 timing config:load:setEnvs Completed in 4ms
18 timing config:load Completed in 107ms
19 timing npm:load:configload Completed in 108ms
20 timing npm:load:mkdirpcache Completed in 48ms
21 timing npm:load:mkdirplogs Completed in 38ms
22 verbose title npm install jsdom
23 verbose argv "install" "jsdom"
24 timing npm:load:setTitle Completed in 47ms
25 timing config:load:flatten Completed in 16ms
26 timing npm:load:display Completed in 24ms
27 verbose logfile logs-max:10 dir:A:\node\_logs
28 verbose logfile A:\node\_logs\2022-09-22T15_23_31_999Z-debug-0.log
29 timing npm:load:logFile Completed in 31ms
30 timing npm:load:timers Completed in 0ms
31 timing npm:load:configScope Completed in 0ms
32 timing npm:load Completed in 302ms
33 timing arborist:ctor Completed in 3ms
34 silly logfile start cleaning logs, removing 2 files
35 silly logfile done cleaning log files
36 timing idealTree:init Completed in 1711ms
37 timing idealTree:userRequests Completed in 8ms
38 silly idealTree buildDeps
39 silly fetch manifest jsdom@*
40 timing arborist:ctor Completed in 0ms
41 http fetch GET 200 https://registry.npmjs.org/jsdom 2332ms (cache miss)
42 silly fetch manifest canvas@^2.5.0
43 http fetch GET 200 https://registry.npmjs.org/canvas 1107ms (cache miss)
44 silly placeDep ROOT jsdom@20.0.0 OK for: node@1.0.0 want: *
45 silly fetch manifest abab@^2.0.6
46 silly fetch manifest acorn@^8.7.1
47 silly fetch manifest acorn-globals@^6.0.0
48 silly fetch manifest cssom@^0.5.0
49 silly fetch manifest cssstyle@^2.3.0
50 silly fetch manifest data-urls@^3.0.2
51 silly fetch manifest decimal.js@^10.3.1
52 silly fetch manifest domexception@^4.0.0
53 silly fetch manifest escodegen@^2.0.0
54 silly fetch manifest form-data@^4.0.0
55 silly fetch manifest html-encoding-sniffer@^3.0.0
56 silly fetch manifest http-proxy-agent@^5.0.0
57 silly fetch manifest is-potential-custom-element-name@^1.0.1
58 silly fetch manifest nwsapi@^2.2.0
59 silly fetch manifest parse5@^7.0.0
60 silly fetch manifest saxes@^6.0.0
61 silly fetch manifest symbol-tree@^3.2.4
62 silly fetch manifest tough-cookie@^4.0.0
63 silly fetch manifest w3c-hr-time@^1.0.2
64 silly fetch manifest w3c-xmlserializer@^3.0.0
65 silly fetch manifest webidl-conversions@^7.0.0
66 silly fetch manifest whatwg-encoding@^2.0.0
67 silly fetch manifest whatwg-mimetype@^3.0.0
68 silly fetch manifest whatwg-url@^11.0.0
69 silly fetch manifest ws@^8.8.0
70 silly fetch manifest xml-name-validator@^4.0.0
71 http fetch GET 200 https://registry.npmjs.org/abab 459ms (cache miss)
72 http fetch GET 200 https://registry.npmjs.org/saxes 500ms (cache miss)
73 http fetch GET 200 https://registry.npmjs.org/acorn 955ms (cache miss)
74 http fetch GET 200 https://registry.npmjs.org/data-urls 1002ms (cache miss)
75 http fetch GET 200 https://registry.npmjs.org/html-encoding-sniffer 1001ms (cache miss)
76 http fetch GET 200 https://registry.npmjs.org/decimal.js 1024ms (cache miss)
77 http fetch GET 200 https://registry.npmjs.org/cssom 1622ms (cache miss)
78 http fetch GET 200 https://registry.npmjs.org/symbol-tree 1677ms (cache miss)
79 http fetch GET 200 https://registry.npmjs.org/cssstyle 1748ms (cache miss)
80 http fetch GET 200 https://registry.npmjs.org/escodegen 1803ms (cache miss)
81 http fetch GET 200 https://registry.npmjs.org/w3c-hr-time 1855ms (cache miss)
82 http fetch GET 200 https://registry.npmjs.org/w3c-xmlserializer 1858ms (cache miss)
83 http fetch GET 200 https://registry.npmjs.org/whatwg-encoding 1855ms (cache miss)
84 http fetch GET 200 https://registry.npmjs.org/whatwg-mimetype 1881ms (cache miss)
85 http fetch GET 200 https://registry.npmjs.org/xml-name-validator 1936ms (cache miss)
86 http fetch GET 200 https://registry.npmjs.org/domexception 2062ms (cache miss)
87 http fetch GET 200 https://registry.npmjs.org/http-proxy-agent 2175ms (cache miss)
88 http fetch GET 200 https://registry.npmjs.org/parse5 2313ms (cache updated)
89 http fetch GET 200 https://registry.npmjs.org/webidl-conversions 2381ms (cache updated)
90 http fetch GET 200 https://registry.npmjs.org/nwsapi 2846ms (cache miss)
91 http fetch GET 200 https://registry.npmjs.org/whatwg-url 2952ms (cache updated)
92 http fetch GET 200 https://registry.npmjs.org/tough-cookie 3332ms (cache miss)
93 http fetch GET 200 https://registry.npmjs.org/ws 3761ms (cache revalidated)
94 http fetch GET 200 https://registry.npmjs.org/is-potential-custom-element-name 3823ms (cache miss)
95 http fetch GET 200 https://registry.npmjs.org/form-data 3839ms (cache miss)
96 http fetch GET 200 https://registry.npmjs.org/acorn-globals 4465ms (cache miss)
97 timing idealTree:#root Completed in 7997ms
98 silly fetch manifest bufferutil@^4.0.1
99 http fetch GET 200 https://registry.npmjs.org/bufferutil 540ms (cache revalidated)
100 silly fetch manifest utf-8-validate@^5.0.2
101 http fetch GET 200 https://registry.npmjs.org/utf-8-validate 622ms (cache revalidated)
102 silly placeDep ROOT abab@2.0.6 OK for: jsdom@20.0.0 want: ^2.0.6
103 silly placeDep ROOT acorn@8.8.0 OK for: jsdom@20.0.0 want: ^8.7.1
104 silly placeDep ROOT acorn-globals@6.0.0 OK for: jsdom@20.0.0 want: ^6.0.0
105 silly placeDep ROOT cssom@0.5.0 OK for: jsdom@20.0.0 want: ^0.5.0
106 silly placeDep ROOT cssstyle@2.3.0 OK for: jsdom@20.0.0 want: ^2.3.0
107 silly placeDep ROOT data-urls@3.0.2 OK for: jsdom@20.0.0 want: ^3.0.2
108 silly placeDep ROOT decimal.js@10.4.1 OK for: jsdom@20.0.0 want: ^10.3.1
109 silly placeDep ROOT domexception@4.0.0 OK for: jsdom@20.0.0 want: ^4.0.0
110 silly placeDep ROOT escodegen@2.0.0 OK for: jsdom@20.0.0 want: ^2.0.0
111 silly placeDep ROOT form-data@4.0.0 OK for: jsdom@20.0.0 want: ^4.0.0
112 silly placeDep ROOT html-encoding-sniffer@3.0.0 OK for: jsdom@20.0.0 want: ^3.0.0
113 silly placeDep ROOT http-proxy-agent@5.0.0 OK for: jsdom@20.0.0 want: ^5.0.0
114 silly placeDep ROOT is-potential-custom-element-name@1.0.1 OK for: jsdom@20.0.0 want: ^1.0.1
115 silly placeDep ROOT nwsapi@2.2.2 OK for: jsdom@20.0.0 want: ^2.2.0
116 silly placeDep node_modules/jsdom parse5@7.1.1 OK for: jsdom@20.0.0 want: ^7.0.0
117 silly placeDep ROOT saxes@6.0.0 OK for: jsdom@20.0.0 want: ^6.0.0
118 silly placeDep ROOT symbol-tree@3.2.4 OK for: jsdom@20.0.0 want: ^3.2.4
119 silly placeDep ROOT tough-cookie@4.1.2 OK for: jsdom@20.0.0 want: ^4.0.0
120 silly placeDep ROOT w3c-hr-time@1.0.2 OK for: jsdom@20.0.0 want: ^1.0.2
121 silly placeDep ROOT w3c-xmlserializer@3.0.0 OK for: jsdom@20.0.0 want: ^3.0.0
122 silly placeDep node_modules/jsdom webidl-conversions@7.0.0 OK for: jsdom@20.0.0 want: ^7.0.0
123 silly placeDep ROOT whatwg-encoding@2.0.0 OK for: jsdom@20.0.0 want: ^2.0.0
124 silly placeDep ROOT whatwg-mimetype@3.0.0 OK for: jsdom@20.0.0 want: ^3.0.0
125 silly placeDep node_modules/jsdom whatwg-url@11.0.0 OK for: jsdom@20.0.0 want: ^11.0.0
126 silly placeDep node_modules/jsdom ws@8.8.1 OK for: jsdom@20.0.0 want: ^8.8.0
127 silly placeDep ROOT xml-name-validator@4.0.0 OK for: jsdom@20.0.0 want: ^4.0.0
128 silly fetch manifest acorn@^7.1.1
129 silly fetch manifest acorn-walk@^7.1.1
130 silly fetch manifest cssom@~0.3.6
131 silly fetch manifest estraverse@^5.2.0
132 silly fetch manifest esutils@^2.0.2
133 silly fetch manifest esprima@^4.0.1
134 silly fetch manifest optionator@^0.8.1
135 silly fetch manifest source-map@~0.6.1
136 silly fetch manifest asynckit@^0.4.0
137 silly fetch manifest combined-stream@^1.0.8
138 silly fetch manifest @tootallnate/once@2
139 silly fetch manifest entities@^4.4.0
140 silly fetch manifest xmlchars@^2.2.0
141 silly fetch manifest psl@^1.1.33
142 silly fetch manifest punycode@^2.1.1
143 silly fetch manifest universalify@^0.2.0
144 silly fetch manifest url-parse@^1.5.3
145 silly fetch manifest browser-process-hrtime@^1.0.0
146 silly fetch manifest iconv-lite@0.6.3
147 silly fetch manifest tr46@^3.0.0
148 http fetch GET 200 https://registry.npmjs.org/optionator 1370ms (cache miss)
149 http fetch GET 200 https://registry.npmjs.org/punycode 1372ms (cache miss)
150 http fetch GET 200 https://registry.npmjs.org/universalify 1473ms (cache miss)
151 http fetch GET 200 https://registry.npmjs.org/npm 13042ms (cache updated)
152 http fetch GET 200 https://registry.npmjs.org/estraverse 1631ms (cache miss)
153 http fetch GET 200 https://registry.npmjs.org/asynckit 1623ms (cache miss)
154 http fetch GET 200 https://registry.npmjs.org/browser-process-hrtime 1634ms (cache miss)
155 http fetch GET 200 https://registry.npmjs.org/iconv-lite 1644ms (cache revalidated)
156 http fetch GET 200 https://registry.npmjs.org/entities 1897ms (cache updated)
157 http fetch GET 200 https://registry.npmjs.org/tr46 1942ms (cache updated)
158 http fetch GET 200 https://registry.npmjs.org/combined-stream 1978ms (cache miss)
159 http fetch GET 200 https://registry.npmjs.org/@tootallnate%2fonce 2094ms (cache miss)
160 http fetch GET 200 https://registry.npmjs.org/xmlchars 2129ms (cache miss)
161 http fetch GET 200 https://registry.npmjs.org/source-map 2240ms (cache miss)
162 http fetch GET 200 https://registry.npmjs.org/psl 2413ms (cache miss)
163 http fetch GET 200 https://registry.npmjs.org/esprima 2598ms (cache miss)
164 http fetch GET 200 https://registry.npmjs.org/acorn-walk 3181ms (cache miss)
165 http fetch GET 200 https://registry.npmjs.org/esutils 4273ms (cache miss)
166 http fetch GET 200 https://registry.npmjs.org/url-parse 4603ms (cache miss)
167 timing idealTree:node_modules/jsdom Completed in 6074ms
168 timing idealTree:node_modules/abab Completed in 1ms
169 timing idealTree:node_modules/acorn Completed in 0ms
170 silly placeDep node_modules/acorn-globals acorn@7.4.1 OK for: acorn-globals@6.0.0 want: ^7.1.1
171 silly placeDep ROOT acorn-walk@7.2.0 OK for: acorn-globals@6.0.0 want: ^7.1.1
172 timing idealTree:node_modules/acorn-globals Completed in 10ms
173 timing idealTree:node_modules/acorn-walk Completed in 0ms
174 timing idealTree:node_modules/cssom Completed in 0ms
175 silly placeDep node_modules/cssstyle cssom@0.3.8 OK for: cssstyle@2.3.0 want: ~0.3.6
176 timing idealTree:node_modules/cssstyle Completed in 9ms
177 silly placeDep node_modules/data-urls whatwg-url@11.0.0 OK for: data-urls@3.0.2 want: ^11.0.0
178 timing idealTree:node_modules/data-urls Completed in 11ms
179 timing idealTree:node_modules/decimal.js Completed in 0ms
180 silly placeDep node_modules/domexception webidl-conversions@7.0.0 OK for: domexception@4.0.0 want: ^7.0.0
181 timing idealTree:node_modules/domexception Completed in 12ms
182 silly placeDep ROOT esprima@4.0.1 OK for: escodegen@2.0.0 want: ^4.0.1
183 silly placeDep ROOT estraverse@5.3.0 OK for: escodegen@2.0.0 want: ^5.2.0
184 silly placeDep ROOT esutils@2.0.3 OK for: escodegen@2.0.0 want: ^2.0.2
185 silly placeDep ROOT optionator@0.8.3 OK for: escodegen@2.0.0 want: ^0.8.1
186 silly placeDep ROOT source-map@0.6.1 OK for: escodegen@2.0.0 want: ~0.6.1
187 silly fetch manifest prelude-ls@~1.1.2
188 silly fetch manifest deep-is@~0.1.3
189 silly fetch manifest word-wrap@~1.2.3
190 silly fetch manifest type-check@~0.3.2
191 silly fetch manifest levn@~0.3.0
192 silly fetch manifest fast-levenshtein@~2.0.6
193 http fetch GET 200 https://registry.npmjs.org/prelude-ls 165ms (cache miss)
194 http fetch GET 200 https://registry.npmjs.org/levn 418ms (cache miss)
195 http fetch GET 200 https://registry.npmjs.org/fast-levenshtein 418ms (cache miss)
196 http fetch GET 200 https://registry.npmjs.org/deep-is 443ms (cache miss)
197 http fetch GET 200 https://registry.npmjs.org/type-check 440ms (cache miss)
198 http fetch GET 200 https://registry.npmjs.org/word-wrap 460ms (cache miss)
199 timing idealTree:node_modules/escodegen Completed in 506ms
200 timing idealTree:node_modules/esprima Completed in 0ms
201 timing idealTree:node_modules/estraverse Completed in 0ms
202 timing idealTree:node_modules/esutils Completed in 0ms
203 silly placeDep ROOT asynckit@0.4.0 OK for: form-data@4.0.0 want: ^0.4.0
204 silly placeDep ROOT combined-stream@1.0.8 OK for: form-data@4.0.0 want: ^1.0.8
205 silly fetch manifest delayed-stream@~1.0.0
206 http fetch GET 200 https://registry.npmjs.org/delayed-stream 364ms (cache miss)
207 timing idealTree:node_modules/form-data Completed in 380ms
208 timing idealTree:node_modules/asynckit Completed in 0ms
209 silly placeDep ROOT delayed-stream@1.0.0 OK for: combined-stream@1.0.8 want: ~1.0.0
210 timing idealTree:node_modules/combined-stream Completed in 4ms
211 timing idealTree:node_modules/delayed-stream Completed in 0ms
212 timing idealTree:node_modules/html-encoding-sniffer Completed in 0ms
213 silly placeDep ROOT @tootallnate/once@2.0.0 OK for: http-proxy-agent@5.0.0 want: 2
214 timing idealTree:node_modules/http-proxy-agent Completed in 5ms
215 timing idealTree:node_modules/@tootallnate/once Completed in 0ms
216 timing idealTree:node_modules/is-potential-custom-element-name Completed in 0ms
217 timing idealTree:node_modules/nwsapi Completed in 0ms
218 silly placeDep ROOT deep-is@0.1.4 OK for: optionator@0.8.3 want: ~0.1.3
219 silly placeDep ROOT fast-levenshtein@2.0.6 OK for: optionator@0.8.3 want: ~2.0.6
220 silly placeDep ROOT levn@0.3.0 OK for: optionator@0.8.3 want: ~0.3.0
221 silly placeDep ROOT prelude-ls@1.1.2 OK for: optionator@0.8.3 want: ~1.1.2
222 silly placeDep ROOT type-check@0.3.2 OK for: optionator@0.8.3 want: ~0.3.2
223 silly placeDep ROOT word-wrap@1.2.3 OK for: optionator@0.8.3 want: ~1.2.3
224 timing idealTree:node_modules/optionator Completed in 22ms
225 timing idealTree:node_modules/deep-is Completed in 0ms
226 timing idealTree:node_modules/fast-levenshtein Completed in 0ms
227 timing idealTree:node_modules/levn Completed in 0ms
228 timing idealTree:node_modules/prelude-ls Completed in 0ms
229 silly placeDep ROOT xmlchars@2.2.0 OK for: saxes@6.0.0 want: ^2.2.0
230 timing idealTree:node_modules/saxes Completed in 9ms
231 timing idealTree:node_modules/source-map Completed in 1ms
232 timing idealTree:node_modules/symbol-tree Completed in 0ms
233 silly placeDep ROOT psl@1.9.0 OK for: tough-cookie@4.1.2 want: ^1.1.33
234 silly placeDep ROOT punycode@2.1.1 OK for: tough-cookie@4.1.2 want: ^2.1.1
235 silly placeDep ROOT universalify@0.2.0 OK for: tough-cookie@4.1.2 want: ^0.2.0
236 silly placeDep ROOT url-parse@1.5.10 OK for: tough-cookie@4.1.2 want: ^1.5.3
237 silly fetch manifest querystringify@^2.1.1
238 silly fetch manifest requires-port@^1.0.0
239 http fetch GET 200 https://registry.npmjs.org/requires-port 396ms (cache miss)
240 http fetch GET 200 https://registry.npmjs.org/querystringify 445ms (cache miss)
241 timing idealTree:node_modules/tough-cookie Completed in 493ms
242 timing idealTree:node_modules/psl Completed in 0ms
243 timing idealTree:node_modules/punycode Completed in 1ms
244 timing idealTree:node_modules/type-check Completed in 0ms
245 timing idealTree:node_modules/universalify Completed in 1ms
246 silly placeDep ROOT querystringify@2.2.0 OK for: url-parse@1.5.10 want: ^2.1.1
247 silly placeDep ROOT requires-port@1.0.0 OK for: url-parse@1.5.10 want: ^1.0.0
248 timing idealTree:node_modules/url-parse Completed in 8ms
249 timing idealTree:node_modules/querystringify Completed in 0ms
250 timing idealTree:node_modules/requires-port Completed in 0ms
251 silly placeDep ROOT browser-process-hrtime@1.0.0 OK for: w3c-hr-time@1.0.2 want: ^1.0.0
252 timing idealTree:node_modules/w3c-hr-time Completed in 8ms
253 timing idealTree:node_modules/browser-process-hrtime Completed in 0ms
254 timing idealTree:node_modules/w3c-xmlserializer Completed in 0ms
255 silly placeDep node_modules/whatwg-encoding iconv-lite@0.6.3 OK for: whatwg-encoding@2.0.0 want: 0.6.3
256 timing idealTree:node_modules/whatwg-encoding Completed in 7ms
257 timing idealTree:node_modules/whatwg-mimetype Completed in 0ms
258 timing idealTree:node_modules/word-wrap Completed in 0ms
259 timing idealTree:node_modules/xml-name-validator Completed in 0ms
260 timing idealTree:node_modules/xmlchars Completed in 0ms
261 timing idealTree:node_modules/acorn-globals/node_modules/acorn Completed in 0ms
262 timing idealTree:node_modules/cssstyle/node_modules/cssom Completed in 0ms
263 silly placeDep node_modules/data-urls tr46@3.0.0 OK for: whatwg-url@11.0.0 want: ^3.0.0
264 silly placeDep node_modules/data-urls webidl-conversions@7.0.0 OK for: whatwg-url@11.0.0 want: ^7.0.0
265 timing idealTree:node_modules/data-urls/node_modules/whatwg-url Completed in 13ms
266 timing idealTree:node_modules/data-urls/node_modules/tr46 Completed in 1ms
267 timing idealTree:node_modules/data-urls/node_modules/webidl-conversions Completed in 0ms
268 timing idealTree:node_modules/domexception/node_modules/webidl-conversions Completed in 0ms
269 silly placeDep node_modules/jsdom entities@4.4.0 OK for: parse5@7.1.1 want: ^4.4.0
270 timing idealTree:node_modules/jsdom/node_modules/parse5 Completed in 4ms
271 timing idealTree:node_modules/jsdom/node_modules/entities Completed in 0ms
272 timing idealTree:node_modules/jsdom/node_modules/webidl-conversions Completed in 0ms
273 silly placeDep node_modules/jsdom tr46@3.0.0 OK for: whatwg-url@11.0.0 want: ^3.0.0
274 timing idealTree:node_modules/jsdom/node_modules/whatwg-url Completed in 4ms
275 timing idealTree:node_modules/jsdom/node_modules/tr46 Completed in 0ms
276 timing idealTree:node_modules/jsdom/node_modules/ws Completed in 0ms
277 timing idealTree:node_modules/whatwg-encoding/node_modules/iconv-lite Completed in 0ms
278 timing idealTree:buildDeps Completed in 15612ms
279 timing idealTree:fixDepFlags Completed in 10ms
280 timing idealTree Completed in 17358ms
281 timing reify:loadTrees Completed in 17361ms
282 timing reify:diffTrees Completed in 26ms
283 silly reify moves {}
284 timing reify:retireShallow Completed in 4ms
285 timing reify:createSparse Completed in 196ms
286 timing reify:loadBundles Completed in 0ms
287 silly audit bulk request {
287 silly audit   '@types/node': [ '17.0.36' ],
287 silly audit   '@types/yauzl': [ '2.10.0' ],
287 silly audit   accepts: [ '1.3.8' ],
287 silly audit   'agent-base': [ '6.0.2' ],
287 silly audit   'array-flatten': [ '1.1.1' ],
287 silly audit   'balanced-match': [ '1.0.2' ],
287 silly audit   'base64-js': [ '1.5.1' ],
287 silly audit   bl: [ '4.1.0' ],
287 silly audit   'body-parser': [ '1.20.0' ],
287 silly audit   debug: [ '2.6.9', '4.3.4' ],
287 silly audit   ms: [ '2.0.0', '2.1.2', '2.1.3' ],
287 silly audit   boolbase: [ '1.0.0' ],
287 silly audit   'brace-expansion': [ '1.1.11' ],
287 silly audit   buffer: [ '5.7.1' ],
287 silly audit   'buffer-crc32': [ '0.2.13' ],
287 silly audit   bytes: [ '3.1.2' ],
287 silly audit   'call-bind': [ '1.0.2' ],
287 silly audit   cheerio: [ '1.0.0-rc.10' ],
287 silly audit   'cheerio-select': [ '1.5.0' ],
287 silly audit   chownr: [ '1.1.4' ],
287 silly audit   'concat-map': [ '0.0.1' ],
287 silly audit   'content-disposition': [ '0.5.4' ],
287 silly audit   'content-type': [ '1.0.4' ],
287 silly audit   cookie: [ '0.5.0' ],
287 silly audit   'cookie-signature': [ '1.0.6' ],
287 silly audit   'cross-fetch': [ '3.1.5' ],
287 silly audit   'node-fetch': [ '2.6.7', '3.2.3' ],
287 silly audit   'css-select': [ '4.2.1' ],
287 silly audit   'css-what': [ '5.1.0' ],
287 silly audit   'data-uri-to-buffer': [ '4.0.0' ],
287 silly audit   depd: [ '2.0.0' ],
287 silly audit   destroy: [ '1.2.0' ],
287 silly audit   'devtools-protocol': [ '0.0.1001819' ],
287 silly audit   'dom-serializer': [ '1.3.2' ],
287 silly audit   domelementtype: [ '2.2.0' ],
287 silly audit   domhandler: [ '4.3.0' ],
287 silly audit   domutils: [ '2.8.0' ],
287 silly audit   'ee-first': [ '1.1.1' ],
287 silly audit   encodeurl: [ '1.0.2' ],
287 silly audit   'end-of-stream': [ '1.4.4' ],
287 silly audit   entities: [ '2.2.0', '4.4.0' ],
287 silly audit   'escape-html': [ '1.0.3' ],
287 silly audit   etag: [ '1.8.1' ],
287 silly audit   express: [ '4.18.1' ],
287 silly audit   'extract-zip': [ '2.0.1' ],
287 silly audit   'fd-slicer': [ '1.1.0' ],
287 silly audit   'fetch-blob': [ '3.1.5' ],
287 silly audit   finalhandler: [ '1.2.0' ],
287 silly audit   'find-up': [ '4.1.0' ],
287 silly audit   'formdata-polyfill': [ '4.0.10' ],
287 silly audit   forwarded: [ '0.2.0' ],
287 silly audit   fresh: [ '0.5.2' ],
287 silly audit   'fs-constants': [ '1.0.0' ],
287 silly audit   'fs.realpath': [ '1.0.0' ],
287 silly audit   'function-bind': [ '1.1.1' ],
287 silly audit   'get-intrinsic': [ '1.1.2' ],
287 silly audit   'get-stream': [ '5.2.0' ],
287 silly audit   glob: [ '7.2.3' ],
287 silly audit   has: [ '1.0.3' ],
287 silly audit   'has-symbols': [ '1.0.3' ],
287 silly audit   htmlparser2: [ '6.1.0' ],
287 silly audit   'http-errors': [ '2.0.0' ],
287 silly audit   'https-proxy-agent': [ '5.0.1' ],
287 silly audit   'iconv-lite': [ '0.4.24', '0.6.3' ],
287 silly audit   ieee754: [ '1.2.1' ],
287 silly audit   inflight: [ '1.0.6' ],
287 silly audit   inherits: [ '2.0.4' ],
287 silly audit   'ipaddr.js': [ '1.9.1' ],
287 silly audit   jquery: [ '3.6.1' ],
287 silly audit   'locate-path': [ '5.0.0' ],
287 silly audit   'media-typer': [ '0.3.0' ],
287 silly audit   'merge-descriptors': [ '1.0.1' ],
287 silly audit   methods: [ '1.1.2' ],
287 silly audit   mime: [ '1.6.0' ],
287 silly audit   'mime-db': [ '1.52.0' ],
287 silly audit   'mime-types': [ '2.1.35' ],
287 silly audit   minimatch: [ '3.1.2' ],
287 silly audit   'mkdirp-classic': [ '0.5.3' ],
287 silly audit   negotiator: [ '0.6.3' ],
287 silly audit   'node-domexception': [ '1.0.0' ],
287 silly audit   'nth-check': [ '2.0.1' ],
287 silly audit   'object-inspect': [ '1.12.2' ],
287 silly audit   'on-finished': [ '2.4.1' ],
287 silly audit   once: [ '1.4.0' ],
287 silly audit   'p-limit': [ '2.3.0' ],
287 silly audit   'p-locate': [ '4.1.0' ],
287 silly audit   'p-try': [ '2.2.0' ],
287 silly audit   parse5: [ '6.0.1', '7.1.1' ],
287 silly audit   'parse5-htmlparser2-tree-adapter': [ '6.0.1' ],
287 silly audit   parseurl: [ '1.3.3' ],
287 silly audit   'path-exists': [ '4.0.0' ],
287 silly audit   'path-is-absolute': [ '1.0.1' ],
287 silly audit   'path-to-regexp': [ '0.1.7' ],
287 silly audit   pend: [ '1.2.0' ],
287 silly audit   'pkg-dir': [ '4.2.0' ],
287 silly audit   progress: [ '2.0.3' ],
287 silly audit   'proxy-addr': [ '2.0.7' ],
287 silly audit   'proxy-from-env': [ '1.1.0' ],
287 silly audit   pump: [ '3.0.0' ],
287 silly audit   puppeteer: [ '14.4.1' ],
287 silly audit   qs: [ '6.10.3' ],
287 silly audit   'range-parser': [ '1.2.1' ],
287 silly audit   'raw-body': [ '2.5.1' ],
287 silly audit   'readable-stream': [ '3.6.0' ],
287 silly audit   rimraf: [ '3.0.2' ],
287 silly audit   'safe-buffer': [ '5.2.1' ],
287 silly audit   'safer-buffer': [ '2.1.2' ],
287 silly audit   send: [ '0.18.0' ],
287 silly audit   'serve-static': [ '1.15.0' ],
287 silly audit   setprototypeof: [ '1.2.0' ],
287 silly audit   'side-channel': [ '1.0.4' ],
287 silly audit   statuses: [ '2.0.1' ],
287 silly audit   string_decoder: [ '1.3.0' ],
287 silly audit   'tar-fs': [ '2.1.1' ],
287 silly audit   'tar-stream': [ '2.2.0' ],
287 silly audit   through: [ '2.3.8' ],
287 silly audit   toidentifier: [ '1.0.1' ],
287 silly audit   tr46: [ '0.0.3', '3.0.0' ],
287 silly audit   tslib: [ '2.3.1' ],
287 silly audit   'type-is': [ '1.6.18' ],
287 silly audit   'unbzip2-stream': [ '1.4.3' ],
287 silly audit   unpipe: [ '1.0.0' ],
287 silly audit   'util-deprecate': [ '1.0.2' ],
287 silly audit   'utils-merge': [ '1.0.1' ],
287 silly audit   vary: [ '1.1.2' ],
287 silly audit   'web-streams-polyfill': [ '3.2.0' ],
287 silly audit   'webidl-conversions': [ '3.0.1', '7.0.0' ],
287 silly audit   'whatwg-url': [ '5.0.0', '11.0.0' ],
287 silly audit   wrappy: [ '1.0.2' ],
287 silly audit   ws: [ '8.7.0', '8.8.1' ],
287 silly audit   yauzl: [ '2.10.0' ],
287 silly audit   jsdom: [ '20.0.0' ],
287 silly audit   abab: [ '2.0.6' ],
287 silly audit   acorn: [ '8.8.0', '7.4.1' ],
287 silly audit   'acorn-globals': [ '6.0.0' ],
287 silly audit   cssom: [ '0.5.0', '0.3.8' ],
287 silly audit   cssstyle: [ '2.3.0' ],
287 silly audit   'data-urls': [ '3.0.2' ],
287 silly audit   'decimal.js': [ '10.4.1' ],
287 silly audit   domexception: [ '4.0.0' ],
287 silly audit   escodegen: [ '2.0.0' ],
287 silly audit   'form-data': [ '4.0.0' ],
287 silly audit   'html-encoding-sniffer': [ '3.0.0' ],
287 silly audit   'http-proxy-agent': [ '5.0.0' ],
287 silly audit   'is-potential-custom-element-name': [ '1.0.1' ],
287 silly audit   nwsapi: [ '2.2.2' ],
287 silly audit   saxes: [ '6.0.0' ],
287 silly audit   'symbol-tree': [ '3.2.4' ],
287 silly audit   'tough-cookie': [ '4.1.2' ],
287 silly audit   'w3c-hr-time': [ '1.0.2' ],
287 silly audit   'w3c-xmlserializer': [ '3.0.0' ],
287 silly audit   'whatwg-encoding': [ '2.0.0' ],
287 silly audit   'whatwg-mimetype': [ '3.0.0' ],
287 silly audit   'xml-name-validator': [ '4.0.0' ],
287 silly audit   'acorn-walk': [ '7.2.0' ],
287 silly audit   esprima: [ '4.0.1' ],
287 silly audit   estraverse: [ '5.3.0' ],
287 silly audit   esutils: [ '2.0.3' ],
287 silly audit   optionator: [ '0.8.3' ],
287 silly audit   'source-map': [ '0.6.1' ],
287 silly audit   asynckit: [ '0.4.0' ],
287 silly audit   'combined-stream': [ '1.0.8' ],
287 silly audit   'delayed-stream': [ '1.0.0' ],
287 silly audit   '@tootallnate/once': [ '2.0.0' ],
287 silly audit   'deep-is': [ '0.1.4' ],
287 silly audit   'fast-levenshtein': [ '2.0.6' ],
287 silly audit   levn: [ '0.3.0' ],
287 silly audit   'prelude-ls': [ '1.1.2' ],
287 silly audit   'type-check': [ '0.3.2' ],
287 silly audit   'word-wrap': [ '1.2.3' ],
287 silly audit   xmlchars: [ '2.2.0' ],
287 silly audit   psl: [ '1.9.0' ],
287 silly audit   punycode: [ '2.1.1' ],
287 silly audit   universalify: [ '0.2.0' ],
287 silly audit   'url-parse': [ '1.5.10' ],
287 silly audit   querystringify: [ '2.2.0' ],
287 silly audit   'requires-port': [ '1.0.0' ],
287 silly audit   'browser-process-hrtime': [ '1.0.0' ]
287 silly audit }
288 silly tarball no local data for browser-process-hrtime@https://registry.npmjs.org/browser-process-hrtime/-/browser-process-hrtime-1.0.0.tgz. Extracting by manifest.
289 silly tarball no local data for requires-port@https://registry.npmjs.org/requires-port/-/requires-port-1.0.0.tgz. Extracting by manifest.
290 silly tarball no local data for querystringify@https://registry.npmjs.org/querystringify/-/querystringify-2.2.0.tgz. Extracting by manifest.
291 silly tarball no local data for url-parse@https://registry.npmjs.org/url-parse/-/url-parse-1.5.10.tgz. Extracting by manifest.
292 silly tarball no local data for universalify@https://registry.npmjs.org/universalify/-/universalify-0.2.0.tgz. Extracting by manifest.
293 silly tarball no local data for punycode@https://registry.npmjs.org/punycode/-/punycode-2.1.1.tgz. Extracting by manifest.
294 silly tarball no local data for psl@https://registry.npmjs.org/psl/-/psl-1.9.0.tgz. Extracting by manifest.
295 silly tarball no local data for xmlchars@https://registry.npmjs.org/xmlchars/-/xmlchars-2.2.0.tgz. Extracting by manifest.
296 silly tarball no local data for word-wrap@https://registry.npmjs.org/word-wrap/-/word-wrap-1.2.3.tgz. Extracting by manifest.
297 silly tarball no local data for type-check@https://registry.npmjs.org/type-check/-/type-check-0.3.2.tgz. Extracting by manifest.
298 silly tarball no local data for prelude-ls@https://registry.npmjs.org/prelude-ls/-/prelude-ls-1.1.2.tgz. Extracting by manifest.
299 silly tarball no local data for levn@https://registry.npmjs.org/levn/-/levn-0.3.0.tgz. Extracting by manifest.
300 silly tarball no local data for fast-levenshtein@https://registry.npmjs.org/fast-levenshtein/-/fast-levenshtein-2.0.6.tgz. Extracting by manifest.
301 silly tarball no local data for deep-is@https://registry.npmjs.org/deep-is/-/deep-is-0.1.4.tgz. Extracting by manifest.
302 silly tarball no local data for @tootallnate/once@https://registry.npmjs.org/@tootallnate/once/-/once-2.0.0.tgz. Extracting by manifest.
303 silly tarball no local data for delayed-stream@https://registry.npmjs.org/delayed-stream/-/delayed-stream-1.0.0.tgz. Extracting by manifest.
304 silly tarball no local data for combined-stream@https://registry.npmjs.org/combined-stream/-/combined-stream-1.0.8.tgz. Extracting by manifest.
305 silly tarball no local data for asynckit@https://registry.npmjs.org/asynckit/-/asynckit-0.4.0.tgz. Extracting by manifest.
306 silly tarball no local data for source-map@https://registry.npmjs.org/source-map/-/source-map-0.6.1.tgz. Extracting by manifest.
307 silly tarball no local data for optionator@https://registry.npmjs.org/optionator/-/optionator-0.8.3.tgz. Extracting by manifest.
308 silly tarball no local data for esutils@https://registry.npmjs.org/esutils/-/esutils-2.0.3.tgz. Extracting by manifest.
309 silly tarball no local data for estraverse@https://registry.npmjs.org/estraverse/-/estraverse-5.3.0.tgz. Extracting by manifest.
310 silly tarball no local data for esprima@https://registry.npmjs.org/esprima/-/esprima-4.0.1.tgz. Extracting by manifest.
311 silly tarball no local data for acorn-walk@https://registry.npmjs.org/acorn-walk/-/acorn-walk-7.2.0.tgz. Extracting by manifest.
312 silly tarball no local data for xml-name-validator@https://registry.npmjs.org/xml-name-validator/-/xml-name-validator-4.0.0.tgz. Extracting by manifest.
313 silly tarball no local data for whatwg-mimetype@https://registry.npmjs.org/whatwg-mimetype/-/whatwg-mimetype-3.0.0.tgz. Extracting by manifest.
314 silly tarball no local data for whatwg-encoding@https://registry.npmjs.org/whatwg-encoding/-/whatwg-encoding-2.0.0.tgz. Extracting by manifest.
315 silly tarball no local data for w3c-xmlserializer@https://registry.npmjs.org/w3c-xmlserializer/-/w3c-xmlserializer-3.0.0.tgz. Extracting by manifest.
316 silly tarball no local data for w3c-hr-time@https://registry.npmjs.org/w3c-hr-time/-/w3c-hr-time-1.0.2.tgz. Extracting by manifest.
317 silly tarball no local data for tough-cookie@https://registry.npmjs.org/tough-cookie/-/tough-cookie-4.1.2.tgz. Extracting by manifest.
318 silly tarball no local data for saxes@https://registry.npmjs.org/saxes/-/saxes-6.0.0.tgz. Extracting by manifest.
319 silly tarball no local data for symbol-tree@https://registry.npmjs.org/symbol-tree/-/symbol-tree-3.2.4.tgz. Extracting by manifest.
320 silly tarball no local data for nwsapi@https://registry.npmjs.org/nwsapi/-/nwsapi-2.2.2.tgz. Extracting by manifest.
321 silly tarball no local data for is-potential-custom-element-name@https://registry.npmjs.org/is-potential-custom-element-name/-/is-potential-custom-element-name-1.0.1.tgz. Extracting by manifest.
322 silly tarball no local data for http-proxy-agent@https://registry.npmjs.org/http-proxy-agent/-/http-proxy-agent-5.0.0.tgz. Extracting by manifest.
323 silly tarball no local data for html-encoding-sniffer@https://registry.npmjs.org/html-encoding-sniffer/-/html-encoding-sniffer-3.0.0.tgz. Extracting by manifest.
324 silly tarball no local data for form-data@https://registry.npmjs.org/form-data/-/form-data-4.0.0.tgz. Extracting by manifest.
325 silly tarball no local data for escodegen@https://registry.npmjs.org/escodegen/-/escodegen-2.0.0.tgz. Extracting by manifest.
326 silly tarball no local data for domexception@https://registry.npmjs.org/domexception/-/domexception-4.0.0.tgz. Extracting by manifest.
327 silly tarball no local data for decimal.js@https://registry.npmjs.org/decimal.js/-/decimal.js-10.4.1.tgz. Extracting by manifest.
328 silly tarball no local data for data-urls@https://registry.npmjs.org/data-urls/-/data-urls-3.0.2.tgz. Extracting by manifest.
329 silly tarball no local data for cssstyle@https://registry.npmjs.org/cssstyle/-/cssstyle-2.3.0.tgz. Extracting by manifest.
330 silly tarball no local data for cssom@https://registry.npmjs.org/cssom/-/cssom-0.5.0.tgz. Extracting by manifest.
331 silly tarball no local data for acorn-globals@https://registry.npmjs.org/acorn-globals/-/acorn-globals-6.0.0.tgz. Extracting by manifest.
332 silly tarball no local data for acorn@https://registry.npmjs.org/acorn/-/acorn-8.8.0.tgz. Extracting by manifest.
333 silly tarball no local data for abab@https://registry.npmjs.org/abab/-/abab-2.0.6.tgz. Extracting by manifest.
334 silly tarball no local data for jsdom@https://registry.npmjs.org/jsdom/-/jsdom-20.0.0.tgz. Extracting by manifest.
335 silly tarball no local data for iconv-lite@https://registry.npmjs.org/iconv-lite/-/iconv-lite-0.6.3.tgz. Extracting by manifest.
336 silly tarball no local data for webidl-conversions@https://registry.npmjs.org/webidl-conversions/-/webidl-conversions-7.0.0.tgz. Extracting by manifest.
337 silly tarball no local data for webidl-conversions@https://registry.npmjs.org/webidl-conversions/-/webidl-conversions-7.0.0.tgz. Extracting by manifest.
338 silly tarball no local data for tr46@https://registry.npmjs.org/tr46/-/tr46-3.0.0.tgz. Extracting by manifest.
339 silly tarball no local data for cssom@https://registry.npmjs.org/cssom/-/cssom-0.3.8.tgz. Extracting by manifest.
340 silly tarball no local data for whatwg-url@https://registry.npmjs.org/whatwg-url/-/whatwg-url-11.0.0.tgz. Extracting by manifest.
341 silly tarball no local data for acorn@https://registry.npmjs.org/acorn/-/acorn-7.4.1.tgz. Extracting by manifest.
342 silly tarball no local data for tr46@https://registry.npmjs.org/tr46/-/tr46-3.0.0.tgz. Extracting by manifest.
343 silly tarball no local data for entities@https://registry.npmjs.org/entities/-/entities-4.4.0.tgz. Extracting by manifest.
344 silly tarball no local data for ws@https://registry.npmjs.org/ws/-/ws-8.8.1.tgz. Extracting by manifest.
345 silly tarball no local data for whatwg-url@https://registry.npmjs.org/whatwg-url/-/whatwg-url-11.0.0.tgz. Extracting by manifest.
346 silly tarball no local data for webidl-conversions@https://registry.npmjs.org/webidl-conversions/-/webidl-conversions-7.0.0.tgz. Extracting by manifest.
347 silly tarball no local data for parse5@https://registry.npmjs.org/parse5/-/parse5-7.1.1.tgz. Extracting by manifest.
348 http fetch POST 200 https://registry.npmjs.org/-/npm/v1/security/advisories/bulk 805ms
349 timing auditReport:getReport Completed in 833ms
350 silly audit report {
350 silly audit report   'node-fetch': [
350 silly audit report     {
350 silly audit report       id: 1081928,
350 silly audit report       url: 'https://github.com/advisories/GHSA-vp56-6g26-6827',
350 silly audit report       title: 'node-fetch Inefficient Regular Expression Complexity ',
350 silly audit report       severity: 'moderate',
350 silly audit report       vulnerable_versions: '>=3.0.0 <3.2.10',
350 silly audit report       cwe: [Array],
350 silly audit report       cvss: [Object]
350 silly audit report     }
350 silly audit report   ]
350 silly audit report }
351 timing metavuln:cache:get:security-advisory:node-fetch:F4z8Yftbe/ybFyQ2cGB2zVmi7dBVVxUuCCeN8Wv3pp0buow51KaN3vImkN09qjNtmW6Jp17qN0Sk3JrF60AN4Q== Completed in 509ms
352 http fetch GET 200 https://registry.npmjs.org/universalify/-/universalify-0.2.0.tgz 1594ms (cache miss)
353 timing reifyNode:node_modules/universalify Completed in 1886ms
354 http fetch GET 200 https://registry.npmjs.org/querystringify/-/querystringify-2.2.0.tgz 1827ms (cache miss)
355 timing reifyNode:node_modules/querystringify Completed in 2102ms
356 http fetch GET 200 https://registry.npmjs.org/word-wrap/-/word-wrap-1.2.3.tgz 1799ms (cache miss)
357 http fetch GET 200 https://registry.npmjs.org/prelude-ls/-/prelude-ls-1.1.2.tgz 1843ms (cache miss)
358 http fetch GET 200 https://registry.npmjs.org/node-fetch 1401ms (cache hit)
359 timing metavuln:packument:node-fetch Completed in 1409ms
360 timing metavuln:load:security-advisory:node-fetch:1081928 Completed in 6ms
361 timing metavuln:calculate:security-advisory:node-fetch:1081928 Completed in 1417ms
362 timing auditReport:init Completed in 1438ms
363 timing reify:audit Completed in 2276ms
364 timing reifyNode:node_modules/word-wrap Completed in 2307ms
365 http fetch GET 200 https://registry.npmjs.org/deep-is/-/deep-is-0.1.4.tgz 1996ms (cache miss)
366 http fetch GET 200 https://registry.npmjs.org/fast-levenshtein/-/fast-levenshtein-2.0.6.tgz 2048ms (cache miss)
367 timing reifyNode:node_modules/fast-levenshtein Completed in 2373ms
368 http fetch GET 200 https://registry.npmjs.org/type-check/-/type-check-0.3.2.tgz 2190ms (cache miss)
369 http fetch GET 200 https://registry.npmjs.org/browser-process-hrtime/-/browser-process-hrtime-1.0.0.tgz 2276ms (cache miss)
370 http fetch GET 200 https://registry.npmjs.org/delayed-stream/-/delayed-stream-1.0.0.tgz 2318ms (cache miss)
371 http fetch GET 200 https://registry.npmjs.org/asynckit/-/asynckit-0.4.0.tgz 2313ms (cache miss)
372 timing reifyNode:node_modules/type-check Completed in 2706ms
373 http fetch GET 200 https://registry.npmjs.org/combined-stream/-/combined-stream-1.0.8.tgz 2476ms (cache miss)
374 timing reifyNode:node_modules/browser-process-hrtime Completed in 2870ms
375 timing reifyNode:node_modules/combined-stream Completed in 2879ms
376 http fetch GET 200 https://registry.npmjs.org/whatwg-encoding/-/whatwg-encoding-2.0.0.tgz 2636ms (cache miss)
377 timing reifyNode:node_modules/delayed-stream Completed in 3054ms
378 http fetch GET 200 https://registry.npmjs.org/levn/-/levn-0.3.0.tgz 2759ms (cache miss)
379 http fetch GET 200 https://registry.npmjs.org/estraverse/-/estraverse-5.3.0.tgz 2787ms (cache miss)
380 http fetch GET 200 https://registry.npmjs.org/punycode/-/punycode-2.1.1.tgz 2936ms (cache miss)
381 timing reifyNode:node_modules/punycode Completed in 3223ms
382 timing reifyNode:node_modules/levn Completed in 3264ms
383 timing reifyNode:node_modules/estraverse Completed in 3264ms
384 http fetch GET 200 https://registry.npmjs.org/requires-port/-/requires-port-1.0.0.tgz 3087ms (cache miss)
385 http fetch GET 200 https://registry.npmjs.org/url-parse/-/url-parse-1.5.10.tgz 3209ms (cache miss)
386 timing reifyNode:node_modules/url-parse Completed in 3490ms
387 timing reifyNode:node_modules/requires-port Completed in 3640ms
388 http fetch GET 200 https://registry.npmjs.org/esutils/-/esutils-2.0.3.tgz 3332ms (cache miss)
389 http fetch GET 200 https://registry.npmjs.org/w3c-xmlserializer/-/w3c-xmlserializer-3.0.0.tgz 3283ms (cache miss)
390 timing reifyNode:node_modules/whatwg-encoding Completed in 3848ms
391 http fetch GET 200 https://registry.npmjs.org/html-encoding-sniffer/-/html-encoding-sniffer-3.0.0.tgz 3451ms (cache miss)
392 timing reifyNode:node_modules/prelude-ls Completed in 3905ms
393 timing reifyNode:node_modules/deep-is Completed in 3904ms
394 timing reifyNode:node_modules/esutils Completed in 3921ms
395 timing reifyNode:node_modules/w3c-xmlserializer Completed in 3918ms
396 http fetch GET 200 https://registry.npmjs.org/xml-name-validator/-/xml-name-validator-4.0.0.tgz 3640ms (cache miss)
397 timing reifyNode:node_modules/xml-name-validator Completed in 4014ms
398 timing reifyNode:node_modules/html-encoding-sniffer Completed in 4027ms
399 http fetch GET 200 https://registry.npmjs.org/optionator/-/optionator-0.8.3.tgz 3878ms (cache miss)
400 timing reifyNode:node_modules/optionator Completed in 4230ms
401 http fetch GET 200 https://registry.npmjs.org/domexception/-/domexception-4.0.0.tgz 3882ms (cache miss)
402 http fetch GET 200 https://registry.npmjs.org/whatwg-mimetype/-/whatwg-mimetype-3.0.0.tgz 3995ms (cache miss)
403 timing reifyNode:node_modules/whatwg-mimetype Completed in 4582ms
404 http fetch GET 200 https://registry.npmjs.org/data-urls/-/data-urls-3.0.2.tgz 4220ms (cache miss)
405 http fetch GET 200 https://registry.npmjs.org/symbol-tree/-/symbol-tree-3.2.4.tgz 4378ms (cache miss)
406 http fetch GET 200 https://registry.npmjs.org/is-potential-custom-element-name/-/is-potential-custom-element-name-1.0.1.tgz 4433ms (cache miss)
407 timing reifyNode:node_modules/is-potential-custom-element-name Completed in 4856ms
408 http fetch GET 200 https://registry.npmjs.org/cssom/-/cssom-0.5.0.tgz 4381ms (cache miss)
409 http fetch GET 200 https://registry.npmjs.org/acorn-globals/-/acorn-globals-6.0.0.tgz 4379ms (cache miss)
410 http fetch GET 200 https://registry.npmjs.org/http-proxy-agent/-/http-proxy-agent-5.0.0.tgz 4482ms (cache miss)
411 http fetch GET 200 https://registry.npmjs.org/w3c-hr-time/-/w3c-hr-time-1.0.2.tgz 4529ms (cache miss)
412 timing reifyNode:node_modules/acorn-globals Completed in 4927ms
413 timing reifyNode:node_modules/http-proxy-agent Completed in 5095ms
414 timing reifyNode:node_modules/data-urls Completed in 5096ms
415 timing reifyNode:node_modules/w3c-hr-time Completed in 5102ms
416 http fetch GET 200 https://registry.npmjs.org/webidl-conversions/-/webidl-conversions-7.0.0.tgz 4904ms (cache miss)
417 http fetch GET 200 https://registry.npmjs.org/abab/-/abab-2.0.6.tgz 5207ms (cache miss)
418 timing reifyNode:node_modules/data-urls/node_modules/webidl-conversions Completed in 5704ms
419 http fetch GET 200 https://registry.npmjs.org/esprima/-/esprima-4.0.1.tgz 5423ms (cache miss)
420 timing reifyNode:node_modules/esprima Completed in 5786ms
421 http fetch GET 200 https://registry.npmjs.org/nwsapi/-/nwsapi-2.2.2.tgz 5482ms (cache miss)
422 timing reifyNode:node_modules/symbol-tree Completed in 5965ms
423 http fetch GET 200 https://registry.npmjs.org/saxes/-/saxes-6.0.0.tgz 5654ms (cache miss)
424 timing reifyNode:node_modules/saxes Completed in 6064ms
425 timing reifyNode:node_modules/nwsapi Completed in 6072ms
426 http fetch GET 200 https://registry.npmjs.org/psl/-/psl-1.9.0.tgz 5859ms (cache miss)
427 http fetch GET 200 https://registry.npmjs.org/acorn-walk/-/acorn-walk-7.2.0.tgz 5778ms (cache miss)
428 timing reifyNode:node_modules/acorn-walk Completed in 6146ms
429 timing reifyNode:node_modules/psl Completed in 6221ms
430 timing reifyNode:node_modules/abab Completed in 6213ms
431 http fetch GET 200 https://registry.npmjs.org/form-data/-/form-data-4.0.0.tgz 5822ms (cache miss)
432 http fetch GET 200 https://registry.npmjs.org/xmlchars/-/xmlchars-2.2.0.tgz 6000ms (cache miss)
433 timing reifyNode:node_modules/domexception Completed in 6351ms
434 http fetch GET 200 https://registry.npmjs.org/webidl-conversions/-/webidl-conversions-7.0.0.tgz 5741ms (cache miss)
435 timing reifyNode:node_modules/xmlchars Completed in 6412ms
436 timing reifyNode:node_modules/jsdom/node_modules/webidl-conversions Completed in 6458ms
437 http fetch GET 200 https://registry.npmjs.org/escodegen/-/escodegen-2.0.0.tgz 6054ms (cache miss)
438 timing reifyNode:node_modules/escodegen Completed in 6493ms
439 http fetch GET 200 https://registry.npmjs.org/@tootallnate/once/-/once-2.0.0.tgz 6222ms (cache miss)
440 timing reifyNode:node_modules/asynckit Completed in 6615ms
441 timing reifyNode:node_modules/@tootallnate/once Completed in 6732ms
442 http fetch GET 200 https://registry.npmjs.org/decimal.js/-/decimal.js-10.4.1.tgz 6480ms (cache miss)
443 timing reifyNode:node_modules/decimal.js Completed in 6929ms
444 http fetch GET 200 https://registry.npmjs.org/tr46/-/tr46-3.0.0.tgz 6346ms (cache miss)
445 timing reifyNode:node_modules/jsdom/node_modules/tr46 Completed in 6947ms
446 timing reifyNode:node_modules/form-data Completed in 6999ms
447 http fetch GET 200 https://registry.npmjs.org/tough-cookie/-/tough-cookie-4.1.2.tgz 6606ms (cache miss)
448 timing reifyNode:node_modules/tough-cookie Completed in 7013ms
449 http fetch GET 200 https://registry.npmjs.org/webidl-conversions/-/webidl-conversions-7.0.0.tgz 6610ms (cache miss)
450 timing reifyNode:node_modules/domexception/node_modules/webidl-conversions Completed in 7164ms
451 http fetch GET 200 https://registry.npmjs.org/acorn/-/acorn-8.8.0.tgz 7270ms (cache miss)
452 timing reifyNode:node_modules/acorn Completed in 7870ms
453 http fetch GET 200 https://registry.npmjs.org/tr46/-/tr46-3.0.0.tgz 7490ms (cache miss)
454 timing reifyNode:node_modules/data-urls/node_modules/tr46 Completed in 8179ms
455 http fetch GET 200 https://registry.npmjs.org/cssom/-/cssom-0.3.8.tgz 8124ms (cache miss)
456 http fetch GET 200 https://registry.npmjs.org/ws/-/ws-8.8.1.tgz 8097ms (cache miss)
457 timing reifyNode:node_modules/cssstyle/node_modules/cssom Completed in 8759ms
458 timing reifyNode:node_modules/jsdom/node_modules/ws Completed in 8789ms
459 timing reifyNode:node_modules/cssom Completed in 8905ms
460 http fetch GET 200 https://registry.npmjs.org/source-map/-/source-map-0.6.1.tgz 8870ms (cache miss)
461 timing reifyNode:node_modules/source-map Completed in 9217ms
462 http fetch GET 200 https://registry.npmjs.org/whatwg-url/-/whatwg-url-11.0.0.tgz 8667ms (cache miss)
463 http fetch GET 200 https://registry.npmjs.org/whatwg-url/-/whatwg-url-11.0.0.tgz 8694ms (cache miss)
464 timing reifyNode:node_modules/jsdom/node_modules/whatwg-url Completed in 9302ms
465 timing reifyNode:node_modules/data-urls/node_modules/whatwg-url Completed in 9308ms
466 http fetch GET 200 https://registry.npmjs.org/iconv-lite/-/iconv-lite-0.6.3.tgz 9654ms (cache miss)
467 timing reifyNode:node_modules/whatwg-encoding/node_modules/iconv-lite Completed in 10229ms
468 http fetch GET 200 https://registry.npmjs.org/entities/-/entities-4.4.0.tgz 10817ms (cache miss)
469 timing reifyNode:node_modules/jsdom/node_modules/entities Completed in 11446ms
470 http fetch GET 200 https://registry.npmjs.org/acorn/-/acorn-7.4.1.tgz 11215ms (cache miss)
471 timing reifyNode:node_modules/acorn-globals/node_modules/acorn Completed in 11808ms
472 http fetch GET 200 https://registry.npmjs.org/cssstyle/-/cssstyle-2.3.0.tgz 11399ms (cache miss)
473 timing reifyNode:node_modules/cssstyle Completed in 11883ms
474 http fetch GET 200 https://registry.npmjs.org/parse5/-/parse5-7.1.1.tgz 11486ms (cache miss)
475 timing reifyNode:node_modules/jsdom/node_modules/parse5 Completed in 12106ms
476 http fetch GET 200 https://registry.npmjs.org/jsdom/-/jsdom-20.0.0.tgz 16830ms (cache miss)
477 timing reifyNode:node_modules/jsdom Completed in 17368ms
478 timing reify:unpack Completed in 17389ms
479 timing reify:unretire Completed in 1ms
480 timing build:queue Completed in 27ms
481 timing build:link:node_modules/acorn Completed in 135ms
482 timing build:link:node_modules/escodegen Completed in 133ms
483 timing build:link:node_modules/esprima Completed in 131ms
484 timing build:link:node_modules/acorn-globals/node_modules/acorn Completed in 130ms
485 timing build:link Completed in 136ms
486 timing build:deps Completed in 166ms
487 timing build Completed in 167ms
488 timing reify:build Completed in 170ms
489 timing reify:trash Completed in 1ms
490 timing reify:save Completed in 228ms
491 timing reify Completed in 36153ms
492 silly ADD node_modules/browser-process-hrtime
493 silly ADD node_modules/requires-port
494 silly ADD node_modules/querystringify
495 silly ADD node_modules/url-parse
496 silly ADD node_modules/universalify
497 silly ADD node_modules/punycode
498 silly ADD node_modules/psl
499 silly ADD node_modules/xmlchars
500 silly ADD node_modules/word-wrap
501 silly ADD node_modules/type-check
502 silly ADD node_modules/prelude-ls
503 silly ADD node_modules/levn
504 silly ADD node_modules/fast-levenshtein
505 silly ADD node_modules/deep-is
506 silly ADD node_modules/@tootallnate/once
507 silly ADD node_modules/delayed-stream
508 silly ADD node_modules/combined-stream
509 silly ADD node_modules/asynckit
510 silly ADD node_modules/source-map
511 silly ADD node_modules/optionator
512 silly ADD node_modules/esutils
513 silly ADD node_modules/estraverse
514 silly ADD node_modules/esprima
515 silly ADD node_modules/acorn-walk
516 silly ADD node_modules/xml-name-validator
517 silly ADD node_modules/whatwg-mimetype
518 silly ADD node_modules/whatwg-encoding
519 silly ADD node_modules/whatwg-encoding/node_modules/iconv-lite
520 silly ADD node_modules/w3c-xmlserializer
521 silly ADD node_modules/w3c-hr-time
522 silly ADD node_modules/tough-cookie
523 silly ADD node_modules/symbol-tree
524 silly ADD node_modules/saxes
525 silly ADD node_modules/nwsapi
526 silly ADD node_modules/is-potential-custom-element-name
527 silly ADD node_modules/http-proxy-agent
528 silly ADD node_modules/html-encoding-sniffer
529 silly ADD node_modules/form-data
530 silly ADD node_modules/escodegen
531 silly ADD node_modules/domexception
532 silly ADD node_modules/domexception/node_modules/webidl-conversions
533 silly ADD node_modules/decimal.js
534 silly ADD node_modules/data-urls
535 silly ADD node_modules/data-urls/node_modules/webidl-conversions
536 silly ADD node_modules/data-urls/node_modules/tr46
537 silly ADD node_modules/data-urls/node_modules/whatwg-url
538 silly ADD node_modules/cssstyle
539 silly ADD node_modules/cssstyle/node_modules/cssom
540 silly ADD node_modules/cssom
541 silly ADD node_modules/acorn-globals
542 silly ADD node_modules/acorn-globals/node_modules/acorn
543 silly ADD node_modules/acorn
544 silly ADD node_modules/abab
545 silly ADD node_modules/jsdom
546 silly ADD node_modules/jsdom/node_modules/tr46
547 silly ADD node_modules/jsdom/node_modules/entities
548 silly ADD node_modules/jsdom/node_modules/ws
549 silly ADD node_modules/jsdom/node_modules/whatwg-url
550 silly ADD node_modules/jsdom/node_modules/webidl-conversions
551 silly ADD node_modules/jsdom/node_modules/parse5
552 timing command:install Completed in 36265ms
553 notice
553 notice New [33mminor[39m version of npm available! [31m8.18.0[39m -> [32m8.19.2[39m
553 notice Changelog: [36mhttps://github.com/npm/cli/releases/tag/v8.19.2[39m
553 notice Run [32mnpm install -g npm@8.19.2[39m to update!
553 notice
554 verbose exit 0
555 timing npm Completed in 37743ms
556 info ok
