0 verbose cli C:\Program Files\nodejs\node.exe C:\Users\Aman Singh\AppData\Roaming\npm\node_modules\npm\bin\npm-cli.js
1 info using npm@8.18.0
2 info using node@v16.14.2
3 timing npm:load:whichnode Completed in 2ms
4 timing config:load:defaults Completed in 11ms
5 timing config:load:file:C:\Users\Aman Singh\AppData\Roaming\npm\node_modules\npm\npmrc Completed in 41ms
6 timing config:load:builtin Completed in 41ms
7 timing config:load:cli Completed in 9ms
8 timing config:load:env Completed in 2ms
9 timing config:load:file:A:\node\.npmrc Completed in 1ms
10 timing config:load:project Completed in 5ms
11 timing config:load:file:C:\Users\Aman Singh\.npmrc Completed in 2ms
12 timing config:load:user Completed in 3ms
13 timing config:load:file:C:\Users\Aman Singh\AppData\Roaming\npm\etc\npmrc Completed in 1ms
14 timing config:load:global Completed in 2ms
15 timing config:load:validate Completed in 2ms
16 timing config:load:credentials Completed in 2ms
17 timing config:load:setEnvs Completed in 3ms
18 timing config:load Completed in 85ms
19 timing npm:load:configload Completed in 85ms
20 timing npm:load:mkdirpcache Completed in 2ms
21 timing npm:load:mkdirplogs Completed in 2ms
22 verbose title npm run test
23 verbose argv "run" "test"
24 timing npm:load:setTitle Completed in 6ms
25 timing config:load:flatten Completed in 18ms
26 timing npm:load:display Completed in 26ms
27 verbose logfile logs-max:10 dir:A:\node\_logs
28 verbose logfile A:\node\_logs\2022-09-22T08_47_42_333Z-debug-0.log
29 timing npm:load:logFile Completed in 43ms
30 timing npm:load:timers Completed in 0ms
31 timing npm:load:configScope Completed in 1ms
32 timing npm:load Completed in 173ms
33 silly logfile start cleaning logs, removing 2 files
34 silly logfile done cleaning log files
35 timing command:run Completed in 517ms
36 verbose exit 1
37 timing npm Completed in 775ms
38 verbose code 1
